/usr/eelocal/synopsys/syn-vp2019.03-sp5/auxx/gui/dv/dv_setup.tcl
/usr/eelocal/synopsys/syn-vp2019.03-sp5/auxx/gui/syn/snpsSynProcs.tcl
/usr/eelocal/synopsys/syn-vp2019.03-sp5/auxx/gui/syn/layout/pkgIndex.tcl
/usr/eelocal/synopsys/syn-vp2019.03-sp5/auxx/gui/common/select/pkgIndex.tcl
/usr/eelocal/synopsys/syn-vp2019.03-sp5/auxx/gui/common/qtcl/pkgIndex.tcl
/usr/eelocal/synopsys/syn-vp2019.03-sp5/auxx/gui/common/hierarchy/pkgIndex.tcl
/usr/eelocal/synopsys/syn-vp2019.03-sp5/auxx/gui/common/schematic/pkgIndex.tcl
/usr/eelocal/synopsys/syn-vp2019.03-sp5/auxx/gui/common/highlight/pkgIndex.tcl
/usr/eelocal/synopsys/syn-vp2019.03-sp5/auxx/gui/common/layout/pkgIndex.tcl
/usr/eelocal/synopsys/syn-vp2019.03-sp5/auxx/gui/common/histogram/pkgIndex.tcl
/usr/eelocal/synopsys/syn-vp2019.03-sp5/auxx/gui/common/pathinspector/pkgIndex.tcl
/usr/eelocal/synopsys/syn-vp2019.03-sp5/auxx/gui/common/misc/pkgIndex.tcl
/usr/eelocal/synopsys/syn-vp2019.03-sp5/auxx/gui/common/regressionToolkit/pkgIndex.tcl
/usr/eelocal/synopsys/syn-vp2019.03-sp5/auxx/gui/common/menus/pkgIndex.tcl
/usr/eelocal/synopsys/syn-vp2019.03-sp5/auxx/gui/common/commandform/pkgIndex.tcl
/usr/eelocal/synopsys/syn-vp2019.03-sp5/auxx/gui/common/timing/pkgIndex.tcl
/usr/eelocal/synopsys/syn-vp2019.03-sp5/auxx/gui/common/table/pkgIndex.tcl
/usr/eelocal/synopsys/syn-vp2019.03-sp5/auxx/gui/common/libviewer/pkgIndex.tcl
/usr/eelocal/synopsys/syn-vp2019.03-sp5/auxx/gui/common/view/pkgIndex.tcl
/usr/eelocal/synopsys/syn-vp2019.03-sp5/auxx/gui/common/profiler/pkgIndex.tcl
/usr/eelocal/synopsys/syn-vp2019.03-sp5/auxx/gui/common/tiledview/pkgIndex.tcl
/usr/eelocal/synopsys/syn-vp2019.03-sp5/auxx/gui/common/WindowFrameWork/pkgIndex.tcl
/usr/eelocal/synopsys/syn-vp2019.03-sp5/auxx/gui/common/tcl-dp/pkgIndex.tcl
/usr/eelocal/synopsys/syn-vp2019.03-sp5/auxx/gui/common/tq/pkgIndex.tcl
/usr/eelocal/synopsys/syn-vp2019.03-sp5/auxx/gui/common/setup/pkgIndex.tcl
/usr/eelocal/synopsys/syn-vp2019.03-sp5/auxx/gui/common/opdlg/pkgIndex.tcl
/usr/eelocal/synopsys/syn-vp2019.03-sp5/auxx/gui/common/dialogs/pkgIndex.tcl
/usr/eelocal/synopsys/syn-vp2019.03-sp5/auxx/gui/common/fanoutviewer/pkgIndex.tcl
/usr/eelocal/synopsys/syn-vp2019.03-sp5/auxx/gui/common/docBrowser/pkgIndex.tcl
/usr/eelocal/synopsys/syn-vp2019.03-sp5/auxx/gui/common/palettegroup/pkgIndex.tcl
/usr/eelocal/synopsys/syn-vp2019.03-sp5/auxx/gui/common/mrupalette/pkgIndex.tcl
/usr/eelocal/synopsys/syn-vp2019.03-sp5/auxx/gui/common/strokes/pkgIndex.tcl
/usr/eelocal/synopsys/syn-vp2019.03-sp5/auxx/gui/common/acg/pkgIndex.tcl
/usr/eelocal/synopsys/syn-vp2019.03-sp5/auxx/gui/dv/pkgIndex.tcl
/usr/eelocal/synopsys/syn-vp2019.03-sp5/auxx/syn/lib/pkgIndex.tcl
/usr/eelocal/synopsys/syn-vp2019.03-sp5/auxx/tcllib/lib/iwidgets4.1/pkgIndex.tcl
/usr/eelocal/synopsys/syn-vp2019.03-sp5/auxx/tcllib/snps_tcl/snpsTest/pkgIndex.tcl
/usr/eelocal/synopsys/syn-vp2019.03-sp5/auxx/tcllib/snps_tcl/snpsTclPro/pkgIndex.tcl
/usr/eelocal/synopsys/syn-vp2019.03-sp5/auxx/tcllib/snps_tcl/snpsUtils/pkgIndex.tcl
/usr/eelocal/synopsys/syn-vp2019.03-sp5/auxx/tcllib/snps_tcl/pkgIndex.tcl
/usr/eelocal/synopsys/syn-vp2019.03-sp5/auxx/tcllib/lib/tcl8.6/tcltest/pkgIndex.tcl
/usr/eelocal/synopsys/syn-vp2019.03-sp5/auxx/tcllib/lib/tcl8.6/msgcat/pkgIndex.tcl
/usr/eelocal/synopsys/syn-vp2019.03-sp5/auxx/tcllib/lib/tcl8.6/opt/pkgIndex.tcl
/usr/eelocal/synopsys/syn-vp2019.03-sp5/auxx/tcllib/lib/tcl8.6/reg/pkgIndex.tcl
/usr/eelocal/synopsys/syn-vp2019.03-sp5/auxx/tcllib/lib/tcl8.6/http/pkgIndex.tcl
/usr/eelocal/synopsys/syn-vp2019.03-sp5/auxx/tcllib/lib/tcl8.6/dde/pkgIndex.tcl
/usr/eelocal/synopsys/syn-vp2019.03-sp5/auxx/tcllib/lib/tcl8.6/platform/pkgIndex.tcl
/usr/eelocal/synopsys/syn-vp2019.03-sp5/auxx/tcllib/lib/tcl8.6/http1.0/pkgIndex.tcl
/usr/eelocal/synopsys/syn-vp2019.03-sp5/auxx/gui/common/setup/snpsCommonSetup.tcl
/usr/eelocal/synopsys/syn-vp2019.03-sp5/auxx/gui/common/setup/snpsCustomize.tcl
/usr/eelocal/synopsys/syn-vp2019.03-sp5/auxx/gui/common/setup/snpsProcheck.tcl
/usr/eelocal/synopsys/syn-vp2019.03-sp5/auxx/gui/common/qtcl/.synopsys_qtcl.tcl
/usr/eelocal/synopsys/syn-vp2019.03-sp5/auxx/gui/common/highlight/highlight.tcl
/usr/eelocal/synopsys/syn-vp2019.03-sp5/auxx/gui/common/misc/base.tcl
/usr/eelocal/synopsys/syn-vp2019.03-sp5/auxx/gui/common/misc/timing.tcl
/usr/eelocal/synopsys/syn-vp2019.03-sp5/auxx/gui/common/misc/setting.tcl
/usr/eelocal/synopsys/syn-vp2019.03-sp5/auxx/gui/common/misc/preset.tcl
/usr/eelocal/synopsys/syn-vp2019.03-sp5/auxx/gui/common/WindowFrameWork/windowFrameWork.tcl
/usr/eelocal/synopsys/syn-vp2019.03-sp5/auxx/gui/common/WindowFrameWork/skipBusyCursorCmdList.tcl
/usr/eelocal/synopsys/syn-vp2019.03-sp5/auxx/gui/common/docBrowser/docBrowser.tcl
/usr/eelocal/synopsys/syn-vp2019.03-sp5/auxx/tcllib/snps_tcl/snpsUtils/snpsUtils.tcl
/usr/eelocal/synopsys/syn-vp2019.03-sp5/auxx/gui/common/dialogs/ObjectChooser.tcl
/usr/eelocal/synopsys/syn-vp2019.03-sp5/auxx/gui/common/misc/DialogObjectChooser.tcl
/usr/eelocal/synopsys/syn-vp2019.03-sp5/auxx/gui/common/dialogs/HistBinInformation.tcl
/usr/eelocal/synopsys/syn-vp2019.03-sp5/auxx/gui/common/dialogs/HistBin1Information.tcl
/usr/eelocal/synopsys/syn-vp2019.03-sp5/auxx/gui/common/dialogs/BinsOnlyInformation.tcl
/usr/eelocal/synopsys/syn-vp2019.03-sp5/auxx/gui/common/dialogs/FileChooser.tcl
/usr/eelocal/synopsys/syn-vp2019.03-sp5/auxx/gui/common/dialogs/PathPinSimpleInfo.tcl
/usr/eelocal/synopsys/syn-vp2019.03-sp5/auxx/gui/common/dialogs/PathsBasicInfo.tcl
/usr/eelocal/synopsys/syn-vp2019.03-sp5/auxx/gui/common/dialogs/PathsBasicSimpleInfo.tcl
/usr/eelocal/synopsys/syn-vp2019.03-sp5/auxx/gui/common/dialogs/SlctOperationInfo.tcl
/usr/eelocal/synopsys/syn-vp2019.03-sp5/auxx/gui/common/dialogs/ObjectListInfo.tcl
/usr/eelocal/synopsys/syn-vp2019.03-sp5/auxx/gui/common/dialogs/FanInOutInfo.tcl
/usr/eelocal/synopsys/syn-vp2019.03-sp5/auxx/gui/common/dialogs/NumberOfLevelsChooser.tcl
/usr/eelocal/synopsys/syn-vp2019.03-sp5/auxx/gui/common/dialogs/WindowReuseInfo.tcl
/usr/eelocal/synopsys/syn-vp2019.03-sp5/auxx/gui/common/dialogs/ReportOutputOptionInfo.tcl
/usr/eelocal/synopsys/syn-vp2019.03-sp5/auxx/gui/common/setup/snpsCollections.tcl
/usr/eelocal/synopsys/syn-vp2019.03-sp5/auxx/gui/common/dialogs/CompileLinkDesign.tcl
/usr/eelocal/synopsys/syn-vp2019.03-sp5/auxx/gui/common/histogram/DialogEndpointSlack.tcl
/usr/eelocal/synopsys/syn-vp2019.03-sp5/auxx/gui/common/histogram/DialogPathsSlack.tcl
/usr/eelocal/synopsys/syn-vp2019.03-sp5/auxx/gui/common/histogram/DialogNetCapacitance.tcl
/usr/eelocal/synopsys/syn-vp2019.03-sp5/auxx/gui/common/schematic/DialogPathSchematicFanInOut.tcl
/usr/eelocal/synopsys/syn-vp2019.03-sp5/auxx/gui/common/schematic/DialogPathSchematicAddPaths.tcl
/nfs/project/Yonghao/gqa/syn_dc/scripts/syn_topdown.tcl
/nfs/project/Yonghao/gqa/syn_dc/scripts/lib.tcl
/nfs/project/Yonghao/gqa/lib/t28hpcplus/nldm/tcbn28hpcplusbwp30p140ssg0p81v125c.db
/nfs/project/Yonghao/gqa/rtl/Special_PU.v
/nfs/project/Yonghao/gqa/rtl/spu_ln_top.v
/nfs/project/Yonghao/gqa/rtl/spu_sm_top.v
/nfs/project/Yonghao/gqa/rtl/spu_sm_block.v
/nfs/project/Yonghao/gqa/rtl/spu_ln_block.v
/nfs/project/Yonghao/gqa/rtl/spu_divider_unsign.v
/nfs/project/Yonghao/gqa/rtl/spu_divider_sign.v
/nfs/project/Yonghao/gqa/rtl/spu_ln_sqrt.v
/nfs/project/Yonghao/gqa/rtl/spu_sm_lnu_lod.v
/nfs/project/Yonghao/gqa/rtl/spu_sm_lnu.v
/nfs/project/Yonghao/gqa/rtl/spu_sm_xmax.v
/nfs/project/Yonghao/gqa/rtl/spu_sm_expu.v
/nfs/project/Yonghao/gqa/rtl/spu_sm_expu_mul.v
/nfs/project/Yonghao/gqa/rtl/spu_sm_addertree.v
/usr/eelocal/synopsys/syn-vp2019.03-sp5/libraries/syn/gtech.db
/usr/eelocal/synopsys/syn-vp2019.03-sp5/libraries/syn/standard.sldb
/nfs/project/Yonghao/gqa/syn_dc/scripts/top_constraints.tcl
/usr/eelocal/synopsys/syn-vp2019.03-sp5/libraries/syn/dw_foundation.sldb
/nfs/project/Yonghao/gqa/lib/t28hpcplus/nldm/tcbn28hpcplusbwp30p140ssg0p81v125c.db
/nfs/project/Yonghao/gqa/syn_dc/alib-52/tcbn28hpcplusbwp30p140ssg0p81v125c.db.alib
/nfs/project/Yonghao/gqa/syn_dc/alib-52/alib_analyze_libs.tcl.e
/nfs/project/Yonghao/gqa/lib/t28hpcplus/nldm/tcbn28hpcplusbwp30p140ssg0p81v125c.db
/nfs/project/Yonghao/gqa/syn_dc/alib-52/tcbn28hpcplusbwp30p140ssg0p81v125c.db.alib
/nfs/project/Yonghao/gqa/lib/t28hpcplus/nldm/tcbn28hpcplusbwp30p140ssg0p81v125c.db
